Rowptrs
1 70 143 213 285 356 429 499 571 640 709 777 847 914 983 1050 1119 1187 1255 1322 1393 1459 1527 1596 1667 1734 1804 1871 1942 2009 2080 2150 2221 2291 2363 2434 2507 2577 2648 2718 2788 2857 2931 3000 3073 3145 3218 3292 3367 3438 3511 3585 3658 3729 3804 3877 3952 4025 4101 4175 4248 4323 4397 4470 4545 4618 4691 4763 4837 4908 4980 5052 5125 5195 5265 5335 5406 5478 5549 
nnzA5548
Col Idx
2 3 4 5 6 7 8 9 12 13 14 16 17 18 19 20 21 22 23 24 25 26 27 28 29 31 32 33 34 35 36 37 38 40 43 44 45 46 47 48 49 50 51 52 53 54 55 56 57 58 59 60 61 62 63 64 65 66 67 68 69 70 71 72 73 74 75 76 77 1 2 3 4 5 6 7 8 9 11 12 13 14 15 16 17 18 19 20 21 22 23 24 25 26 27 28 29 30 31 32 33 34 35 36 37 38 40 42 43 44 45 46 47 48 49 50 51 52 53 54 55 56 57 58 59 60 61 62 63 64 65 66 67 68 69 70 71 72 73 74 75 76 1 2 3 4 5 6 7 8 9 10 12 13 15 16 17 18 19 20 21 22 23 24 25 26 27 28 30 31 32 34 35 36 37 38 40 42 43 44 45 46 47 48 49 50 51 52 53 54 55 56 57 58 59 60 61 62 63 64 65 66 67 68 69 70 71 72 73 74 75 76 1 2 3 4 5 6 7 8 10 11 12 14 15 16 17 18 19 20 21 22 23 24 25 26 27 29 30 31 32 33 34 35 36 37 38 40 42 43 44 45 46 47 48 49 50 51 52 53 54 55 56 57 58 59 60 61 62 63 64 65 66 67 68 69 70 71 72 73 74 75 76 78 1 2 3 4 5 6 7 8 11 12 13 15 16 17 18 19 20 21 22 23 24 25 26 27 28 30 31 32 33 34 35 36 37 38 40 42 43 44 45 46 47 48 49 50 51 52 53 54 55 56 57 58 59 60 61 62 63 64 65 66 67 68 69 70 71 72 73 74 75 76 77 1 2 3 4 5 6 7 8 10 11 12 13 14 15 16 17 18 19 20 21 22 23 24 25 26 27 28 29 30 31 32 33 34 35 36 37 38 40 42 43 44 45 46 47 48 49 50 51 52 53 54 55 56 57 58 59 60 61 62 63 64 65 66 67 68 69 70 71 72 73 74 75 76 1 2 3 4 5 6 7 9 11 12 14 15 16 17 18 19 20 21 22 23 24 25 26 27 29 30 31 33 34 35 36 37 38 40 42 43 44 45 46 47 48 49 50 51 52 53 54 55 56 57 58 59 60 61 62 63 64 65 66 67 68 69 70 71 72 73 74 75 76 78 1 2 3 4 5 6 7 9 10 11 12 13 14 15 16 17 18 19 20 21 22 23 24 25 26 28 29 30 31 32 33 34 35 36 37 38 40 42 43 44 45 46 47 48 49 50 51 52 53 54 55 56 57 58 59 60 61 62 63 64 65 66 67 68 69 70 71 72 73 74 75 76 1 2 3 4 5 6 7 8 10 14 15 16 17 18 19 20 21 22 23 24 25 26 27 29 30 31 32 33 34 35 37 38 40 42 43 44 45 46 47 48 49 50 51 52 53 54 55 56 57 58 59 60 61 62 63 64 65 66 67 68 69 70 71 72 73 74 75 76 78 1 2 3 4 5 6 7 9 10 13 14 15 16 17 18 19 20 21 22 23 24 25 26 27 28 29 30 31 32 33 34 35 37 38 40 42 43 44 45 46 47 48 49 50 51 52 53 54 55 56 57 58 59 60 61 62 63 64 65 66 67 68 69 70 71 72 74 75 76 1 2 3 4 5 6 8 10 11 12 13 14 15 16 17 18 19 20 21 22 23 24 25 26 28 29 30 32 33 34 35 37 38 40 42 43 44 45 46 47 48 49 50 51 52 53 55 56 57 58 59 60 61 62 63 64 65 66 67 68 69 70 71 72 73 74 75 76 1 2 3 4 5 6 7 8 9 10 12 13 14 15 16 17 18 19 20 21 22 23 24 25 27 28 29 30 31 32 33 34 35 37 40 42 43 44 45 46 47 48 49 50 51 52 53 55 56 57 58 59 60 61 62 63 64 65 66 67 68 69 70 71 72 73 74 75 76 78 1 2 3 4 5 6 7 9 10 13 14 15 16 17 18 19 20 21 22 23 24 25 26 28 29 30 31 32 33 34 35 37 38 40 42 43 44 45 46 47 48 49 50 51 52 53 55 56 57 59 60 61 62 63 64 65 66 67 68 69 70 71 72 73 74 75 76 1 2 3 4 5 6 8 9 11 12 13 14 15 16 17 18 19 20 21 22 23 24 25 26 27 28 29 30 31 32 33 34 35 37 38 40 42 43 44 45 46 47 48 49 50 51 52 53 55 56 57 59 60 61 62 63 64 65 66 67 68 69 70 71 72 73 74 75 76 1 2 3 4 5 6 7 9 11 12 13 14 15 16 17 18 19 20 21 22 23 24 25 27 28 29 31 32 33 34 37 38 40 42 43 44 45 46 47 48 49 50 51 52 53 55 56 57 58 59 60 61 62 63 64 65 66 67 68 69 70 71 72 73 74 75 76 1 2 3 4 5 6 7 8 9 11 12 13 14 15 16 17 18 19 20 21 22 23 24 26 27 28 29 30 31 32 33 34 35 37 38 40 42 43 44 45 46 47 48 49 50 51 52 53 55 56 58 59 60 61 62 63 64 65 66 67 68 69 70 71 72 73 74 75 76 1 2 3 4 5 6 8 9 10 12 13 14 15 16 17 18 19 20 21 22 23 24 25 27 28 29 30 31 32 33 34 35 37 40 42 43 44 45 46 47 48 49 50 51 52 53 55 56 58 59 60 61 62 63 64 65 66 67 68 69 70 71 72 73 74 75 76 77 1 2 3 4 5 7 8 10 11 12 13 14 15 16 17 18 19 20 21 22 23 24 25 26 27 28 29 30 31 32 33 35 37 40 42 43 44 45 46 47 48 49 50 51 52 53 55 56 57 58 59 60 61 62 63 64 65 66 67 68 69 70 71 72 73 74 75 76 1 2 3 4 5 6 8 10 11 12 13 14 15 16 17 18 19 20 21 22 23 24 26 27 28 30 31 32 33 34 35 37 40 42 43 44 45 46 47 48 49 50 51 52 53 55 56 57 58 59 60 61 62 63 64 65 66 67 68 69 70 71 72 73 74 75 76 1 2 3 4 5 6 7 8 9 10 11 12 13 14 15 16 17 18 19 20 21 22 23 25 26 27 28 29 30 31 32 33 34 35 37 38 40 42 43 44 45 46 47 48 49 50 51 52 53 55 56 57 58 59 60 61 62 63 64 65 66 67 68 69 70 71 72 73 74 75 78 1 2 3 4 5 7 9 11 12 13 14 15 16 17 18 19 20 21 22 23 24 26 27 28 29 30 31 32 34 37 38 40 42 43 44 45 46 47 48 49 50 51 52 53 55 56 57 58 59 60 61 62 63 64 65 66 67 68 69 70 71 72 73 74 75 78 1 2 3 4 6 7 9 10 11 12 13 14 15 16 17 18 19 20 21 22 23 24 25 26 27 28 29 30 31 32 33 34 37 38 40 42 43 44 45 46 47 48 49 50 51 52 53 56 57 58 59 60 61 62 63 64 65 66 67 68 69 70 71 72 73 74 75 76 1 2 3 4 5 7 8 9 10 11 12 13 14 15 16 17 18 19 20 21 22 23 25 26 27 29 30 31 32 33 34 35 37 38 40 41 42 43 44 45 46 47 48 49 50 51 52 53 56 57 58 59 60 61 62 63 64 65 66 67 68 69 70 71 72 73 74 75 76 1 2 3 4 5 6 7 8 9 10 11 12 13 14 15 16 17 18 19 20 21 22 24 25 26 27 28 29 30 31 32 33 35 37 38 40 41 42 43 44 45 46 47 48 49 50 51 52 53 55 56 57 58 59 60 61 62 63 64 65 66 67 68 69 70 71 72 73 74 75 78 1 2 3 4 6 8 10 11 12 13 14 15 16 17 18 19 20 21 22 23 25 26 27 28 29 30 31 32 33 35 37 38 40 41 42 43 44 45 46 47 48 49 50 51 52 53 55 56 57 58 59 60 61 62 63 64 65 66 67 68 69 70 71 72 73 74 75 1 2 3 5 6 7 8 9 10 11 12 13 14 15 16 17 18 19 20 21 22 23 24 25 26 27 28 29 30 31 32 33 35 37 38 40 41 42 43 44 45 46 47 48 49 50 51 52 53 55 56 57 58 59 60 61 62 63 64 65 66 67 68 69 70 71 72 73 74 75 1 2 3 4 6 7 8 9 10 11 12 13 14 15 16 17 18 19 20 21 22 24 25 26 28 29 30 31 32 35 37 38 40 41 42 43 44 45 46 47 48 49 50 51 52 53 55 56 57 58 59 60 61 62 63 64 65 66 67 68 69 70 71 72 73 74 75 1 2 3 4 5 6 7 8 9 10 11 12 13 14 15 16 17 18 19 20 21 23 24 25 26 27 28 29 30 31 32 34 35 37 38 40 41 42 43 44 45 46 47 48 49 50 51 52 53 55 56 57 58 59 60 61 62 63 64 65 66 67 68 69 70 71 72 73 74 75 76 1 2 5 6 7 9 10 11 12 13 14 15 16 17 18 19 20 21 22 24 25 26 27 28 29 30 31 32 33 34 35 37 38 40 41 42 43 44 45 46 47 48 49 50 51 52 53 55 56 57 58 59 60 61 62 63 64 65 66 67 68 69 70 71 73 74 75 1 2 4 5 6 7 8 9 10 11 12 13 14 15 16 17 18 19 20 21 22 23 24 25 26 27 28 29 30 31 32 33 34 35 37 38 40 41 42 43 44 45 46 47 48 49 50 51 52 53 55 56 57 58 59 60 61 62 63 64 65 66 67 68 69 70 71 72 73 74 75 1 2 3 5 6 7 8 9 10 11 12 13 14 15 16 17 18 19 20 21 23 24 25 27 28 29 30 31 32 34 35 37 38 39 40 41 42 43 44 45 46 47 48 49 50 51 53 55 56 57 58 59 60 61 62 63 64 65 66 67 68 69 70 71 72 73 74 75 76 78 1 3 4 5 6 7 8 9 10 11 12 13 14 15 16 17 18 19 20 22 23 24 25 26 27 28 29 30 31 32 33 34 35 37 38 39 40 41 42 43 44 45 46 47 48 49 50 51 53 55 56 57 58 59 60 61 62 63 64 65 66 67 68 69 70 71 72 73 74 75 76 1 2 4 5 6 8 9 10 11 12 13 14 15 16 17 18 19 20 21 23 24 25 26 27 28 29 30 31 32 33 34 35 37 38 39 40 41 42 43 44 45 46 47 48 49 50 51 53 55 56 57 58 59 60 61 62 63 64 65 66 67 68 69 70 71 72 73 74 75 78 1 3 4 5 6 7 8 9 10 11 12 13 14 15 16 17 18 19 20 21 22 23 24 25 26 27 28 29 30 31 32 33 34 35 37 38 39 40 41 42 43 44 45 46 47 48 49 50 52 53 55 56 57 58 59 60 61 62 63 64 65 66 67 68 69 70 71 72 73 74 75 76 2 4 5 6 7 8 9 10 11 12 13 14 15 16 17 18 19 20 22 23 24 26 27 28 29 30 31 32 33 34 35 37 38 39 40 41 42 43 44 45 46 47 48 49 50 51 52 53 55 56 57 58 59 60 61 62 63 64 65 66 67 68 69 70 71 72 73 74 75 76 77 1 2 3 4 5 6 7 8 9 10 11 12 13 14 15 16 17 18 19 21 22 23 24 25 26 27 28 29 30 31 32 33 34 35 37 38 39 40 41 42 43 44 45 46 47 48 49 50 51 52 53 55 56 57 58 59 60 61 62 63 64 65 66 67 68 69 70 71 72 73 74 75 78 1 3 4 5 7 8 9 10 11 12 13 14 15 16 17 18 19 20 22 23 24 25 26 27 28 29 30 31 32 33 34 35 37 38 39 40 41 42 43 44 45 46 47 48 49 51 52 53 55 56 57 58 59 60 61 62 63 64 65 66 67 68 69 70 71 72 73 74 75 78 2 3 4 5 6 7 8 9 10 11 12 13 14 15 16 17 18 19 20 21 22 23 24 25 26 27 28 29 30 31 32 33 34 35 37 38 39 40 41 42 43 44 45 46 47 48 49 51 52 53 55 56 57 58 59 60 61 62 63 64 65 66 67 68 69 70 71 72 73 74 75 1 3 4 5 6 7 8 9 10 11 12 13 14 15 16 17 18 19 21 22 23 25 26 27 28 29 30 31 32 33 34 35 37 38 39 40 41 42 43 44 45 46 47 48 49 50 52 53 55 56 57 58 59 60 61 62 63 64 65 66 67 68 69 70 71 72 73 74 75 78 1 2 3 4 5 6 7 8 9 10 11 12 13 14 15 16 17 18 20 21 22 23 24 25 26 27 28 29 30 31 32 33 34 35 37 38 39 40 41 42 43 44 45 46 47 48 50 52 53 55 56 57 58 59 60 61 62 63 64 65 66 67 68 69 70 71 72 73 74 75 2 3 4 6 7 8 9 10 11 12 13 14 15 16 17 18 19 21 22 23 24 25 26 27 28 29 30 31 32 33 34 35 37 38 39 40 41 42 43 44 45 46 47 48 50 52 53 55 56 57 58 59 60 61 62 63 64 65 66 67 68 69 70 71 72 73 74 75 76 1 2 3 4 5 6 7 8 9 10 11 12 13 14 15 16 17 18 19 20 21 22 23 24 25 26 27 28 29 30 31 32 33 34 35 37 38 39 40 41 42 43 44 45 46 47 48 49 50 51 52 53 55 56 57 58 59 60 61 62 63 64 65 66 67 68 69 70 71 72 73 74 75 78 2 3 4 5 6 7 8 9 10 11 12 13 14 15 16 17 18 20 21 22 24 25 26 27 28 29 30 31 32 33 34 35 36 37 38 39 40 41 42 43 44 45 46 47 50 51 52 53 55 56 57 58 59 60 61 62 63 64 65 66 67 68 69 70 71 72 73 74 75 1 2 3 4 5 6 7 8 9 10 11 12 13 14 15 16 17 19 20 21 22 23 24 25 26 27 28 29 30 31 32 33 34 35 36 37 38 39 40 41 42 43 44 45 46 47 49 50 51 52 53 55 56 57 58 59 60 61 62 63 64 65 66 67 68 69 70 71 72 73 74 75 78 1 2 3 5 6 7 8 9 10 11 12 13 14 15 16 17 18 20 21 22 23 24 25 26 27 28 29 30 31 32 33 34 35 36 37 38 39 40 41 42 43 44 45 46 47 48 50 51 52 53 54 55 56 57 58 59 60 61 62 63 64 65 66 67 68 69 70 71 72 73 74 75 1 2 3 4 5 6 7 8 9 10 11 12 13 14 15 16 17 19 20 21 22 23 24 25 26 27 28 29 30 31 32 33 34 35 36 37 38 39 40 41 42 43 44 45 46 48 49 50 51 52 53 54 55 56 57 58 59 60 61 62 63 64 65 66 67 68 69 70 71 72 73 74 75 1 2 3 4 5 6 7 8 9 10 11 12 13 14 15 16 17 19 20 21 23 24 25 26 27 28 29 30 31 32 33 34 35 36 37 38 39 40 41 42 43 44 45 46 48 49 50 51 52 53 54 55 56 57 58 59 60 61 62 63 64 65 66 67 68 69 70 71 72 73 74 75 76 77 1 2 3 4 5 6 7 8 9 10 11 12 13 14 15 16 18 19 20 21 22 23 24 25 26 27 28 29 30 31 32 33 34 35 36 37 38 39 40 41 42 43 44 45 46 48 49 50 51 52 53 54 55 56 57 58 59 60 61 62 63 64 65 66 67 68 69 70 71 72 73 74 75 76 77 1 2 4 5 6 7 8 9 10 11 12 13 14 15 16 17 20 21 22 23 24 25 26 27 28 29 30 31 32 33 34 35 36 37 38 39 40 41 42 43 44 45 48 49 50 51 52 53 54 55 56 57 58 59 60 61 62 63 64 65 66 67 68 69 70 71 72 73 74 75 77 1 2 3 4 5 6 7 8 9 10 11 12 13 14 15 16 18 19 20 21 22 23 24 25 26 27 28 29 30 31 32 33 34 35 36 37 38 39 40 41 42 43 44 45 47 48 49 50 51 52 53 54 55 56 57 58 59 60 61 62 63 64 65 66 67 68 69 70 71 72 73 74 75 1 2 3 4 5 6 7 8 9 10 11 12 13 14 15 16 18 19 20 22 23 24 25 26 27 28 29 30 31 32 33 34 35 36 37 38 39 40 41 42 43 44 45 46 47 48 49 50 51 52 53 54 55 56 57 58 59 60 61 62 63 64 65 66 67 68 69 70 71 72 73 74 75 77 1 2 3 4 5 6 7 8 9 10 11 12 13 14 15 17 19 20 21 22 23 24 25 26 27 28 29 30 31 32 33 34 35 36 37 38 39 40 41 42 43 44 45 46 47 48 49 50 51 52 53 54 55 56 57 58 59 60 61 62 63 64 65 66 67 68 69 70 71 72 73 74 75 1 3 4 5 6 7 8 9 10 11 12 13 14 15 16 19 20 21 22 23 24 25 26 27 28 29 30 31 32 33 34 35 36 37 38 39 40 41 42 43 44 45 47 48 49 50 51 52 53 54 55 56 57 58 59 60 61 62 63 64 65 66 67 68 69 70 71 72 73 74 75 1 2 3 4 5 6 7 8 9 10 11 12 13 14 15 17 18 19 20 21 22 23 24 25 26 27 28 29 30 31 32 33 34 35 36 37 38 39 40 41 42 43 44 45 46 47 48 49 50 51 52 53 54 55 56 57 58 59 60 61 62 63 64 65 66 67 68 69 70 71 72 73 74 75 78 1 2 3 4 5 6 7 8 9 10 11 12 13 14 15 17 18 19 21 22 23 24 25 26 27 28 29 30 31 32 33 34 35 36 37 38 39 40 41 42 43 44 45 46 47 48 49 50 51 52 53 54 55 56 57 58 59 60 61 62 63 64 65 66 67 68 69 70 71 72 73 74 75 1 2 3 4 5 6 7 8 9 10 11 12 13 14 16 18 19 20 21 22 23 24 25 26 27 28 29 30 31 32 33 34 35 36 37 38 39 40 41 42 43 44 45 46 47 48 49 50 51 52 53 54 55 56 57 58 59 60 61 62 63 64 65 66 67 68 69 70 71 72 73 74 75 76 78 2 3 4 5 6 7 8 9 10 11 12 13 14 15 17 18 19 20 21 22 23 24 25 26 27 28 29 30 31 32 33 34 35 36 37 38 39 40 41 42 43 44 45 46 47 48 49 50 51 52 53 54 55 56 57 58 59 60 61 62 63 64 65 66 67 68 69 70 71 72 73 74 75 1 2 3 4 5 6 7 8 9 10 11 12 13 14 15 17 18 19 20 21 22 23 24 25 26 27 28 29 30 31 32 33 34 35 36 37 38 39 40 41 42 43 44 45 46 47 48 49 50 51 52 53 54 55 56 57 58 59 60 61 62 63 64 65 66 67 68 69 70 71 72 73 74 75 77 78 1 2 3 4 5 6 7 8 9 10 11 12 13 14 16 17 18 20 21 22 23 24 25 26 27 28 29 30 31 32 33 34 35 36 37 38 39 40 41 42 43 44 45 46 47 48 49 50 51 52 53 54 55 56 57 58 59 60 61 62 63 64 65 66 67 68 69 70 71 72 73 74 75 77 1 2 3 4 5 6 7 8 9 10 11 12 13 15 16 17 19 20 21 22 23 24 25 26 27 28 29 30 31 32 33 34 35 36 37 38 39 40 41 42 43 44 45 46 47 48 49 50 51 52 53 54 55 56 57 58 59 60 61 62 63 64 65 66 67 68 69 70 71 72 73 74 75 1 2 3 4 5 6 7 8 9 10 11 12 13 14 16 17 18 19 20 21 22 23 24 25 26 27 28 29 30 31 32 33 34 35 36 37 38 39 40 41 42 43 44 45 46 47 48 49 50 51 52 53 54 55 56 57 58 59 60 61 62 63 64 65 66 67 68 69 70 71 72 73 74 75 76 1 2 3 4 5 6 7 8 9 10 11 12 13 14 16 17 18 19 20 21 22 23 24 25 26 27 28 29 30 31 33 34 35 36 37 38 39 40 41 42 43 44 45 46 47 48 49 50 51 52 53 54 55 56 57 58 59 60 61 62 63 64 65 66 67 68 69 70 71 72 73 74 75 78 1 2 3 4 5 6 7 8 9 10 11 12 13 15 16 17 20 21 22 23 24 25 26 27 28 29 30 31 32 33 34 35 36 37 38 39 40 41 42 43 44 45 46 47 48 49 50 51 52 53 54 55 56 57 58 59 60 61 62 63 64 65 66 67 68 69 70 71 72 73 74 75 78 1 2 3 4 5 6 7 8 9 10 11 12 14 15 16 18 19 20 21 22 23 24 25 26 27 28 29 30 31 32 33 34 35 36 37 38 39 40 41 42 43 44 45 46 47 48 49 50 51 52 53 54 55 56 57 58 59 60 61 62 63 64 65 66 67 68 69 70 71 72 73 74 75 76 78 1 2 3 4 5 6 7 8 9 10 11 12 13 15 16 17 18 19 20 21 22 23 24 25 26 27 28 29 30 31 33 34 35 36 37 38 39 40 41 42 43 44 45 46 47 48 49 50 51 52 53 54 55 56 57 58 59 60 61 62 63 64 65 66 67 68 69 70 71 72 73 74 75 1 2 3 4 5 6 7 8 9 10 11 12 13 14 15 16 17 19 20 21 22 23 24 25 26 27 28 29 30 32 33 34 35 36 37 38 39 40 41 42 43 44 45 46 47 48 49 50 51 52 53 54 55 56 57 58 59 60 61 62 63 64 65 66 67 68 69 70 71 72 73 74 75 1 2 3 4 5 6 7 8 9 10 11 12 14 15 16 19 20 21 22 23 24 25 26 27 28 29 30 31 33 34 35 36 37 38 39 41 42 43 44 45 46 47 48 49 50 51 52 53 54 55 56 57 58 59 60 61 62 63 64 65 66 67 68 69 70 71 72 73 74 75 77 78 1 2 3 4 5 6 7 8 9 10 11 13 14 15 17 18 19 20 21 22 23 24 25 26 27 28 29 30 31 32 33 34 35 36 37 38 39 41 42 43 44 45 46 47 48 49 50 51 52 53 54 55 56 57 58 59 60 61 62 63 64 65 66 67 68 69 70 71 72 73 74 75 76 77 1 2 3 4 5 6 7 8 9 10 11 12 14 15 16 17 18 19 20 21 22 23 24 25 26 27 28 29 30 32 33 34 35 36 37 38 39 41 42 43 45 46 47 48 49 50 51 52 53 54 55 56 57 58 59 60 61 62 63 64 65 66 67 68 69 70 71 72 73 74 75 1 2 3 4 5 6 7 8 9 10 11 12 13 14 15 16 18 19 20 21 22 23 24 25 26 27 28 29 31 32 33 34 35 36 37 38 39 41 42 43 45 46 47 48 49 50 51 52 53 54 55 56 57 58 59 60 61 62 63 64 65 66 67 68 69 70 71 72 73 74 75 77 1 2 3 4 5 6 7 8 9 10 11 13 14 15 17 18 19 20 21 22 23 24 25 26 27 28 29 30 32 33 34 35 36 37 38 39 41 42 43 44 45 46 47 48 49 50 51 52 53 54 55 56 57 58 59 60 61 62 63 64 65 66 67 68 69 70 71 72 73 74 75 76 1 2 3 4 5 6 7 8 9 10 12 13 14 15 17 18 19 20 21 22 23 24 25 26 27 28 29 30 31 32 33 34 35 36 37 38 39 41 42 44 45 46 47 48 49 50 51 52 53 54 55 56 57 58 59 60 61 62 63 64 65 66 67 68 69 70 71 72 73 74 75 76 78 1 3 4 5 6 7 8 9 11 13 14 15 16 17 18 19 20 21 22 23 24 25 26 27 28 29 31 32 33 34 35 36 37 38 39 41 42 44 45 46 47 48 49 50 51 52 53 54 55 56 57 58 59 60 61 62 63 64 65 66 67 68 69 70 71 72 73 74 75 78 1 2 3 4 5 6 7 8 9 12 13 15 16 17 18 19 20 21 22 23 24 25 26 27 28 30 31 32 33 34 35 36 37 38 39 41 42 43 44 45 46 47 48 49 50 51 52 53 54 55 56 57 58 59 60 61 62 63 64 65 66 67 68 69 70 71 72 73 74 75 1 2 3 4 5 6 7 8 9 10 12 13 14 16 17 18 19 20 21 22 23 24 25 26 27 28 29 31 32 33 34 35 36 37 39 41 42 43 44 45 46 47 48 49 50 51 52 53 54 55 56 57 58 59 60 61 62 63 64 65 66 67 68 69 70 71 72 73 74 75 2 3 4 5 6 7 8 9 11 12 13 14 16 17 18 19 20 21 22 23 24 25 26 27 28 29 30 31 32 33 34 35 36 37 39 41 42 43 44 45 46 47 48 49 50 51 52 53 54 55 56 57 58 59 60 61 62 63 64 65 66 67 68 69 70 71 72 73 74 75 76 1 2 3 4 5 6 7 8 9 10 12 13 15 16 17 18 19 20 21 22 23 24 25 26 27 28 30 31 32 33 34 35 36 37 39 41 42 43 44 45 46 47 48 49 50 51 52 53 54 55 56 57 58 59 60 61 62 63 64 65 66 67 68 69 70 71 72 73 74 75 77 78 1 2 3 4 5 6 7 8 10 11 12 13 14 15 16 17 18 19 20 21 22 23 24 25 26 27 29 30 31 32 33 34 35 36 37 39 42 43 44 45 46 47 48 49 50 51 52 53 54 55 56 57 58 59 60 61 62 63 64 65 66 67 68 69 70 71 72 73 74 75 78 
line 126-130
line 135
line 142
batchId 0: sup|bj - Aj*xj| = 5.088620E-13 
batchId 1: sup|bj - Aj*xj| = 4.476419E-13 
batchId 2: sup|bj - Aj*xj| = 1.463718E-12 
batchId 3: sup|bj - Aj*xj| = 6.835478E-13 
batchId 4: sup|bj - Aj*xj| = 1.058709E-12 
batchId 5: sup|bj - Aj*xj| = 5.056563E-13 
batchId 6: sup|bj - Aj*xj| = 3.570477E-12 
batchId 7: sup|bj - Aj*xj| = 1.307399E-12 
batchId 8: sup|bj - Aj*xj| = 5.297008E-13 
batchId 9: sup|bj - Aj*xj| = 7.887024E-13 
batchId 10: sup|bj - Aj*xj| = 1.044498E-12 
batchId 11: sup|bj - Aj*xj| = 8.881784E-13 
batchId 12: sup|bj - Aj*xj| = 5.393758E-13 
batchId 13: sup|bj - Aj*xj| = 1.200817E-12 
batchId 14: sup|bj - Aj*xj| = 6.750156E-13 
batchId 15: sup|bj - Aj*xj| = 5.400125E-13 
batchId 16: sup|bj - Aj*xj| = 7.484005E-13 
x0[0] = 1.377065E+04
x0[1] = 2.658202E+03
x0[2] = 2.386375E+03
x0[3] = 1.529813E+03
x0[4] = 5.298609E+03
x0[5] = 1.535051E+03
x0[6] = -1.723659E+03
x0[7] = 1.538483E+04
x0[8] = 3.728448E+03
x0[9] = -5.220205E+02
x0[10] = 1.201954E+03
x0[11] = -4.243815E+03
x0[12] = -7.997114E+03
x0[13] = -9.925987E+03
x0[14] = 9.774921E+02
x0[15] = -1.309906E+00
x0[16] = 2.809043E+03
x0[17] = -1.105459E+04
x0[18] = 1.403446E+03
x0[19] = 9.587948E+03
x0[20] = -7.473874E+03
x0[21] = 5.385659E+03
x0[22] = -1.978548E+03
x0[23] = 7.764308E+02
x0[24] = 1.210761E+03
x0[25] = 6.133228E+03
x0[26] = -1.048078E+04
x0[27] = -8.588936E+03
x0[28] = -5.723400E+03
x0[29] = -3.286783E+03
x0[30] = 1.012431E+04
x0[31] = 9.465454E+03
x0[32] = 7.076585E+03
x0[33] = 1.036669E+04
x0[34] = 8.491999E+03
x0[35] = 1.281065E+04
x0[36] = 4.880849E+03
x0[37] = -1.514348E+04
x0[38] = -1.266448E+04
x0[39] = 1.592207E+04
x0[40] = -8.460278E+03
x0[41] = 1.268741E+03
x0[42] = 1.013756E+04
x0[43] = -1.115392E+04
x0[44] = 2.280351E+03
x0[45] = 8.129989E+03
x0[46] = -6.688048E+03
x0[47] = -4.059779E+03
x0[48] = -6.804578E+03
x0[49] = -7.048640E+03
x0[50] = 8.083832E+03
x0[51] = -8.726525E+02
x0[52] = -1.154361E+04
x0[53] = -1.072471E+04
x0[54] = -1.585461E+03
x0[55] = -2.003469E+03
x0[56] = 3.876317E+03
x0[57] = -9.796974E+01
x0[58] = 2.001828E+04
x0[59] = 4.039460E+03
x0[60] = 5.413179E+03
x0[61] = -2.071636E+04
x0[62] = 5.727977E+03
x0[63] = 2.548743E+03
x0[64] = -1.651376E+03
x0[65] = -9.378478E+03
x0[66] = -1.289375E+04
x0[67] = -1.151919E+04
x0[68] = 1.508935E+04
x0[69] = -1.028030E+04
x0[70] = -4.106394E+03
x0[71] = 1.487873E+04
x0[72] = 2.681291E+03
x0[73] = 3.745656E+03
x0[74] = -6.609204E+03
x0[75] = -4.539430E+03
x0[76] = -4.017852E+03
x0[77] = -7.052148E+03

x1[0] = -9.687904E+03
x1[1] = 1.007428E+04
x1[2] = 6.714401E+03
x1[3] = 2.408203E+03
x1[4] = -1.113981E+03
x1[5] = 1.407815E+04
x1[6] = -2.334340E+03
x1[7] = -1.010549E+04
x1[8] = -1.883932E+04
x1[9] = -8.162832E+03
x1[10] = -3.750992E+03
x1[11] = 1.189066E+03
x1[12] = -3.335504E+03
x1[13] = -3.272378E+03
x1[14] = 1.761403E+04
x1[15] = 7.905098E+03
x1[16] = 1.106686E+04
x1[17] = -8.404496E+03
x1[18] = 1.726055E+04
x1[19] = -5.865974E+03
x1[20] = 5.799502E+03
x1[21] = 3.417506E+02
x1[22] = 5.683536E+03
x1[23] = -8.456114E+03
x1[24] = 4.348296E+03
x1[25] = -5.613645E+03
x1[26] = 1.962761E+03
x1[27] = 6.085775E+03
x1[28] = -6.170390E+03
x1[29] = 1.216276E+03
x1[30] = 1.072800E+04
x1[31] = -1.625140E+04
x1[32] = -6.074909E+03
x1[33] = -9.006430E+03
x1[34] = -9.513778E+03
x1[35] = -2.088555E+04
x1[36] = 1.538582E+03
x1[37] = 2.128595E+03
x1[38] = 1.102515E+04
x1[39] = 8.067234E+03
x1[40] = 1.020106E+04
x1[41] = 1.256455E+04
x1[42] = 3.445012E+03
x1[43] = -7.245820E+03
x1[44] = -9.125042E+03
x1[45] = -1.344892E+04
x1[46] = 3.116203E+03
x1[47] = 1.620540E+03
x1[48] = 1.400605E+04
x1[49] = -1.324379E+04
x1[50] = 9.253684E+03
x1[51] = -6.615638E+03
x1[52] = -2.487126E+04
x1[53] = 3.005531E+03
x1[54] = 1.628795E+04
x1[55] = 2.873437E+04
x1[56] = 6.861970E+03
x1[57] = -1.475393E+04
x1[58] = -8.380432E+03
x1[59] = -1.056885E+04
x1[60] = 2.256905E+04
x1[61] = -3.006744E+04
x1[62] = 8.360916E+03
x1[63] = -1.168350E+04
x1[64] = 1.679531E+03
x1[65] = 5.148191E+03
x1[66] = 2.622367E+04
x1[67] = 6.526312E+03
x1[68] = 3.955739E+03
x1[69] = -4.844751E+02
x1[70] = -3.621985E+03
x1[71] = 6.690204E+03
x1[72] = -9.991674E+03
x1[73] = -7.336768E+03
x1[74] = 2.186726E+03
x1[75] = -1.439912E+04
x1[76] = -1.228894E+04
x1[77] = 2.723388E+03

x2[0] = -1.952111E+04
x2[1] = 5.097351E+03
x2[2] = 1.661866E+04
x2[3] = 1.341293E+04
x2[4] = -1.323580E+04
x2[5] = 4.263406E+03
x2[6] = 1.319254E+04
x2[7] = 6.716035E+03
x2[8] = 1.324608E+03
x2[9] = 1.756269E+04
x2[10] = 6.867788E+03
x2[11] = 3.899660E+04
x2[12] = 2.237574E+03
x2[13] = 2.412403E+04
x2[14] = -8.995155E+03
x2[15] = -1.440326E+04
x2[16] = 1.063291E+04
x2[17] = 1.299010E+04
x2[18] = 4.941809E+03
x2[19] = -7.066721E+03
x2[20] = 8.299730E+03
x2[21] = 4.424998E+04
x2[22] = -9.391804E+03
x2[23] = -3.529297E+04
x2[24] = 4.231254E+03
x2[25] = 6.023084E+03
x2[26] = 5.437872E+03
x2[27] = 3.070085E+04
x2[28] = -8.004707E+03
x2[29] = -3.614630E+04
x2[30] = -1.795062E+04
x2[31] = -3.134781E+04
x2[32] = -2.153495E+03
x2[33] = 3.337094E+03
x2[34] = -2.265581E+02
x2[35] = 4.695275E+03
x2[36] = -2.730497E+04
x2[37] = -5.213400E+04
x2[38] = -8.650988E+03
x2[39] = 1.370398E+04
x2[40] = -2.608685E+03
x2[41] = -2.228422E+04
x2[42] = -1.555618E+04
x2[43] = -2.065504E+03
x2[44] = 1.437955E+04
x2[45] = -8.065565E+03
x2[46] = -4.019105E+04
x2[47] = -1.522808E+04
x2[48] = -1.086002E+04
x2[49] = 3.103173E+04
x2[50] = 2.122379E+04
x2[51] = 2.726771E+04
x2[52] = -3.006832E+04
x2[53] = 1.443296E+04
x2[54] = 9.278525E+03
x2[55] = 1.152617E+04
x2[56] = -2.044158E+03
x2[57] = 8.975230E+03
x2[58] = -9.278340E+03
x2[59] = 6.248930E+03
x2[60] = -2.386055E+03
x2[61] = -1.813447E+04
x2[62] = -8.110124E+03
x2[63] = -2.565201E+04
x2[64] = 2.576788E+04
x2[65] = -1.800081E+04
x2[66] = 4.339788E+03
x2[67] = 1.645341E+04
x2[68] = 1.849112E+04
x2[69] = 9.413769E+03
x2[70] = 1.040784E+04
x2[71] = -1.043225E+03
x2[72] = -1.750130E+04
x2[73] = 3.545169E+03
x2[74] = -4.368438E+03
x2[75] = 1.736333E+04
x2[76] = 1.233231E+03
x2[77] = 1.619037E+04

x3[0] = -4.819693E+03
x3[1] = 9.304931E+03
x3[2] = -8.714564E+03
x3[3] = -9.108379E+03
x3[4] = -1.390623E+04
x3[5] = 1.138813E+04
x3[6] = 1.415939E+04
x3[7] = -4.458716E+03
x3[8] = -3.444655E+03
x3[9] = -8.420140E+03
x3[10] = 1.096022E+04
x3[11] = -7.381747E+03
x3[12] = -7.986901E+03
x3[13] = 2.634700E+03
x3[14] = 3.086097E+03
x3[15] = 1.074772E+03
x3[16] = -9.288328E+03
x3[17] = -2.729648E+03
x3[18] = -4.427539E+03
x3[19] = -4.708250E+03
x3[20] = 1.660590E+04
x3[21] = 2.182211E+03
x3[22] = 8.364182E+03
x3[23] = 7.605465E+03
x3[24] = -2.654110E+03
x3[25] = -8.260593E+03
x3[26] = 7.515781E+03
x3[27] = 6.352248E+03
x3[28] = -3.730455E+03
x3[29] = -1.697188E+04
x3[30] = -9.625576E+03
x3[31] = 5.001579E+03
x3[32] = 6.648242E+03
x3[33] = -5.313626E+03
x3[34] = 8.658147E+02
x3[35] = 5.365689E+03
x3[36] = -2.414290E+03
x3[37] = 2.439449E+02
x3[38] = 1.964288E+04
x3[39] = -6.175192E+03
x3[40] = -1.106425E+04
x3[41] = -2.044898E+03
x3[42] = -1.672417E+04
x3[43] = 9.579189E+03
x3[44] = 5.296604E+03
x3[45] = -7.070885E+02
x3[46] = 3.974259E+03
x3[47] = 1.231266E+04
x3[48] = 3.836438E+03
x3[49] = 1.440101E+04
x3[50] = 1.493766E+03
x3[51] = 8.424523E+03
x3[52] = -2.415428E+04
x3[53] = -1.947684E+04
x3[54] = 1.408666E+03
x3[55] = -6.998048E+02
x3[56] = -5.473888E+03
x3[57] = 2.979402E+03
x3[58] = 1.934002E+04
x3[59] = 5.561358E+03
x3[60] = -7.568336E+03
x3[61] = -1.718339E+04
x3[62] = -5.022817E+03
x3[63] = 2.398371E+03
x3[64] = 2.393935E+03
x3[65] = 1.029819E+04
x3[66] = 2.378283E+04
x3[67] = -1.440909E+04
x3[68] = -3.552822E+03
x3[69] = -1.130730E+04
x3[70] = 1.091060E+04
x3[71] = -7.160364E+03
x3[72] = 2.267733E+04
x3[73] = -9.602975E+03
x3[74] = -7.846313E+03
x3[75] = 3.680900E+03
x3[76] = 8.641396E+03
x3[77] = 3.360772E+03

x4[0] = -1.324178E+04
x4[1] = -2.114374E+03
x4[2] = 8.697487E+03
x4[3] = 9.772195E+03
x4[4] = 5.156437E+03
x4[5] = -2.852966E+03
x4[6] = -1.215329E+04
x4[7] = 1.118038E+04
x4[8] = 1.626794E+04
x4[9] = 1.078476E+04
x4[10] = 6.405518E+03
x4[11] = 5.104918E+03
x4[12] = -2.378855E+02
x4[13] = -9.379215E+03
x4[14] = -6.098812E+03
x4[15] = 1.128464E+04
x4[16] = -1.040280E+03
x4[17] = 2.530905E+04
x4[18] = -2.402104E+04
x4[19] = 3.964109E+04
x4[20] = -1.952486E+04
x4[21] = -2.903792E+03
x4[22] = 1.022898E+04
x4[23] = -1.160208E+04
x4[24] = 8.146749E+03
x4[25] = -5.273917E+03
x4[26] = 2.371188E+04
x4[27] = 6.478091E+03
x4[28] = 2.615434E+03
x4[29] = -3.319085E+03
x4[30] = -3.769847E+02
x4[31] = 4.059391E+03
x4[32] = -7.654945E+02
x4[33] = -2.882545E+04
x4[34] = 1.156794E+04
x4[35] = -1.724344E+04
x4[36] = -5.734007E+03
x4[37] = 7.090878E+03
x4[38] = 3.423827E+03
x4[39] = -1.247980E+03
x4[40] = -1.337592E+04
x4[41] = -1.257780E+04
x4[42] = -2.516586E+04
x4[43] = -1.285755E+04
x4[44] = 5.878968E+03
x4[45] = 2.124213E+04
x4[46] = 1.818349E+03
x4[47] = -2.230771E+04
x4[48] = 1.256911E+04
x4[49] = -2.558923E+04
x4[50] = -1.232843E+04
x4[51] = -6.092435E+03
x4[52] = 1.639267E+03
x4[53] = 1.309673E+04
x4[54] = -1.264972E+04
x4[55] = -1.624931E+04
x4[56] = 3.513654E+03
x4[57] = -5.709105E+03
x4[58] = -4.977951E+03
x4[59] = -6.990157E+03
x4[60] = 8.957725E+03
x4[61] = -1.120020E+04
x4[62] = 2.685960E+04
x4[63] = 6.187548E+02
x4[64] = 2.603199E+03
x4[65] = 2.202156E+04
x4[66] = 1.505022E+04
x4[67] = 6.904322E+03
x4[68] = -2.340862E+03
x4[69] = -1.096384E+04
x4[70] = -2.348734E+03
x4[71] = -6.780855E+03
x4[72] = 1.079548E+04
x4[73] = -2.187966E+04
x4[74] = 9.856372E+03
x4[75] = 1.638482E+04
x4[76] = 3.135278E+04
x4[77] = -4.066314E+03

x5[0] = -3.708492E+03
x5[1] = -8.601817E+03
x5[2] = -2.135394E+04
x5[3] = 9.991124E+03
x5[4] = 1.258218E+04
x5[5] = 7.336134E+02
x5[6] = 7.461074E+03
x5[7] = 1.155265E+04
x5[8] = 8.274022E+03
x5[9] = -6.267093E+03
x5[10] = -1.318154E+04
x5[11] = 3.008870E+02
x5[12] = -2.164149E+04
x5[13] = -4.261874E+03
x5[14] = 6.846561E+02
x5[15] = 5.801489E+03
x5[16] = 9.041041E+00
x5[17] = 4.811281E+03
x5[18] = 6.635698E+03
x5[19] = -7.854242E+03
x5[20] = -6.648179E+03
x5[21] = 1.015528E+04
x5[22] = -3.729772E+03
x5[23] = -1.466818E+03
x5[24] = 8.652818E+03
x5[25] = -1.621418E+03
x5[26] = -5.251641E+03
x5[27] = 6.590045E+03
x5[28] = -1.479108E+03
x5[29] = -7.051302E+03
x5[30] = -1.085902E+04
x5[31] = -1.615249E+03
x5[32] = -9.067809E+03
x5[33] = -7.081999E+03
x5[34] = -4.839015E+03
x5[35] = -3.064646E+03
x5[36] = 3.956562E+03
x5[37] = 5.317339E+03
x5[38] = 2.244494E+04
x5[39] = -5.423690E+03
x5[40] = -1.791679E+03
x5[41] = -3.173495E+03
x5[42] = -2.469634E+03
x5[43] = -4.687436E+03
x5[44] = 1.130118E+04
x5[45] = 8.126564E+03
x5[46] = 1.955290E+03
x5[47] = 8.118861E+03
x5[48] = 9.059298E+03
x5[49] = 4.611590E+03
x5[50] = 1.792042E+03
x5[51] = -3.922099E+03
x5[52] = -3.312060E+03
x5[53] = -1.242818E+04
x5[54] = -1.726325E+04
x5[55] = 3.336503E+03
x5[56] = -2.803586E+03
x5[57] = -4.802562E+03
x5[58] = 1.123951E+04
x5[59] = -1.084062E+04
x5[60] = -1.052930E+04
x5[61] = -2.253616E+03
x5[62] = 7.047607E+03
x5[63] = -1.101917E+04
x5[64] = -6.532768E+03
x5[65] = -1.108828E+04
x5[66] = 2.061511E+04
x5[67] = -6.678961E+03
x5[68] = 7.372983E+03
x5[69] = 1.704703E+04
x5[70] = 9.611577E+03
x5[71] = 1.241169E+04
x5[72] = 2.450776E+03
x5[73] = -4.181646E+03
x5[74] = 9.614691E+03
x5[75] = 5.990132E+03
x5[76] = -1.246192E+04
x5[77] = 8.454955E+03

x6[0] = -8.973249E+04
x6[1] = -6.326649E+04
x6[2] = 1.026947E+04
x6[3] = 4.101779E+03
x6[4] = -1.020434E+05
x6[5] = 5.131713E+02
x6[6] = 5.258084E+04
x6[7] = 4.041440E+04
x6[8] = 2.319601E+03
x6[9] = -9.373846E+04
x6[10] = -1.445815E+04
x6[11] = -3.770278E+04
x6[12] = -5.153276E+04
x6[13] = 2.174514E+04
x6[14] = -5.816496E+04
x6[15] = -9.443499E+04
x6[16] = -4.264471E+04
x6[17] = 8.581095E+03
x6[18] = -1.096123E+04
x6[19] = -7.144564E+03
x6[20] = 1.047655E+05
x6[21] = 2.597086E+02
x6[22] = -3.928136E+04
x6[23] = -5.161851E+04
x6[24] = -1.961948E+04
x6[25] = 7.691009E+03
x6[26] = -8.653384E+04
x6[27] = -3.695368E+04
x6[28] = 3.066292E+04
x6[29] = 1.170735E+05
x6[30] = 3.131077E+04
x6[31] = 4.881066E+04
x6[32] = 4.896442E+04
x6[33] = -3.050286E+04
x6[34] = 4.965228E+04
x6[35] = 2.651229E+03
x6[36] = -6.149357E+03
x6[37] = 2.233400E+04
x6[38] = -1.107070E+04
x6[39] = -3.288263E+04
x6[40] = -5.894998E+04
x6[41] = 7.148118E+04
x6[42] = 3.732977E+04
x6[43] = -4.023103E+04
x6[44] = 5.665882E+04
x6[45] = -9.394020E+04
x6[46] = 2.873174E+04
x6[47] = -1.843488E+04
x6[48] = 1.254340E+05
x6[49] = -3.560200E+03
x6[50] = -1.505118E+04
x6[51] = -1.447399E+04
x6[52] = 6.632105E+04
x6[53] = 6.375269E+04
x6[54] = 4.782226E+04
x6[55] = 6.781334E+04
x6[56] = 2.809291E+04
x6[57] = 1.086524E+05
x6[58] = 1.610079E+04
x6[59] = -6.796323E+04
x6[60] = 5.381312E+04
x6[61] = -7.645378E+04
x6[62] = 3.028844E+04
x6[63] = 6.574051E+04
x6[64] = -2.591546E+04
x6[65] = -5.741167E+04
x6[66] = 1.176722E+05
x6[67] = 5.024078E+04
x6[68] = 1.344298E+04
x6[69] = -7.575317E+03
x6[70] = -1.313100E+04
x6[71] = -1.106396E+05
x6[72] = -1.389788E+04
x6[73] = -7.013152E+03
x6[74] = -3.137774E+04
x6[75] = -1.308516E+05
x6[76] = 4.913417E+03
x6[77] = -1.355306E+04

x7[0] = -1.104138E+04
x7[1] = 1.301535E+04
x7[2] = -5.849047E+03
x7[3] = 3.675775E+03
x7[4] = -1.488026E+04
x7[5] = 2.058767E+04
x7[6] = 5.454105E+03
x7[7] = 1.394414E+04
x7[8] = -1.533875E+04
x7[9] = 5.908175E+03
x7[10] = -1.260552E+04
x7[11] = 9.167606E+03
x7[12] = 2.469957E+04
x7[13] = -3.557109E+03
x7[14] = 5.434846E+01
x7[15] = 9.983496E+03
x7[16] = -1.599316E+04
x7[17] = -5.015120E+03
x7[18] = 1.122967E+04
x7[19] = -4.640211E+03
x7[20] = 3.758379E+03
x7[21] = -1.368524E+03
x7[22] = 6.152424E+03
x7[23] = -8.389773E+03
x7[24] = 3.213534E+03
x7[25] = -8.505078E+03
x7[26] = -1.039016E+04
x7[27] = -1.433016E+04
x7[28] = -1.042870E+04
x7[29] = -8.332201E+03
x7[30] = 2.514212E+03
x7[31] = -1.616487E+04
x7[32] = 1.129726E+04
x7[33] = -5.903504E+03
x7[34] = 7.330416E+03
x7[35] = 3.501829E+03
x7[36] = -8.155520E+03
x7[37] = 4.914198E+02
x7[38] = -2.974260E+03
x7[39] = -1.357043E+04
x7[40] = -3.562966E+03
x7[41] = 6.680367E+03
x7[42] = 2.223667E+02
x7[43] = 4.108485E+03
x7[44] = 5.733345E+03
x7[45] = 1.731012E+04
x7[46] = 3.194179E+03
x7[47] = -6.885581E+03
x7[48] = -1.349647E+04
x7[49] = -4.886606E+03
x7[50] = -6.155161E+01
x7[51] = -1.415780E+03
x7[52] = 1.724824E+04
x7[53] = 4.507428E+03
x7[54] = 1.826351E+04
x7[55] = -7.385241E+02
x7[56] = 4.981601E+03
x7[57] = 1.001777E+04
x7[58] = -4.781330E+03
x7[59] = -2.637956E+03
x7[60] = 8.618526E+03
x7[61] = 1.671913E+03
x7[62] = 7.624352E+03
x7[63] = 8.914725E+03
x7[64] = -4.565643E+03
x7[65] = 1.495277E+03
x7[66] = 4.815736E+03
x7[67] = 1.553730E+03
x7[68] = -6.153615E+02
x7[69] = -9.657315E+03
x7[70] = -1.597928E+04
x7[71] = -7.736535E+03
x7[72] = -2.951853E+03
x7[73] = -6.893041E+02
x7[74] = -9.848917E+03
x7[75] = -5.251127E+03
x7[76] = 9.286500E+03
x7[77] = -7.810544E+03

x8[0] = 8.596492E+02
x8[1] = -1.930582E+02
x8[2] = 5.274923E+03
x8[3] = -1.406532E+04
x8[4] = -5.543898E+03
x8[5] = -1.419201E+03
x8[6] = -6.526133E+03
x8[7] = 4.991153E+03
x8[8] = 1.596542E+04
x8[9] = -6.442765E+03
x8[10] = 4.206505E+03
x8[11] = -1.333352E+04
x8[12] = -7.242763E+03
x8[13] = 5.913636E+03
x8[14] = 4.653035E+03
x8[15] = -2.438203E+02
x8[16] = -3.483582E+02
x8[17] = -3.023335E+03
x8[18] = -1.594407E+03
x8[19] = 4.308665E+03
x8[20] = -7.121434E+03
x8[21] = 1.349246E+04
x8[22] = -4.408744E+03
x8[23] = 1.194614E+04
x8[24] = 1.268697E+04
x8[25] = 4.247121E+03
x8[26] = -8.730691E+03
x8[27] = 1.170310E+04
x8[28] = -1.319422E+04
x8[29] = 1.491118E+03
x8[30] = 1.319663E+03
x8[31] = 3.285022E+03
x8[32] = 8.905835E+03
x8[33] = 1.341588E+03
x8[34] = -3.143423E+02
x8[35] = 2.684034E+03
x8[36] = -1.414910E+04
x8[37] = 4.808467E+03
x8[38] = 5.818929E+03
x8[39] = 9.206456E+03
x8[40] = 2.847464E+03
x8[41] = 6.206427E+03
x8[42] = -9.701383E+03
x8[43] = 3.963619E+03
x8[44] = 1.614102E+04
x8[45] = -7.023743E+03
x8[46] = -1.763949E+04
x8[47] = -5.613351E+03
x8[48] = -9.424750E+03
x8[49] = 3.046243E+03
x8[50] = 1.532717E+04
x8[51] = -3.055511E+03
x8[52] = 5.826785E+02
x8[53] = -1.244654E+04
x8[54] = -1.343309E+04
x8[55] = 9.116476E+03
x8[56] = -8.187751E+03
x8[57] = -7.469645E+02
x8[58] = 2.592281E+03
x8[59] = 6.046672E+03
x8[60] = 3.806804E+03
x8[61] = -3.199300E+03
x8[62] = -1.885959E+02
x8[63] = -7.919336E+03
x8[64] = -1.711681E+03
x8[65] = -2.430315E+03
x8[66] = 4.184512E+03
x8[67] = -5.550622E+03
x8[68] = 2.946224E+03
x8[69] = 1.010645E+04
x8[70] = -6.103356E+03
x8[71] = 1.068659E+04
x8[72] = 4.285597E+03
x8[73] = -4.772492E+03
x8[74] = -5.330547E+03
x8[75] = -7.742748E+02
x8[76] = -5.318384E+03
x8[77] = 3.704619E+03

x9[0] = 4.642724E+03
x9[1] = 4.582554E+03
x9[2] = -4.228899E+03
x9[3] = -2.393579E+03
x9[4] = -1.227216E+03
x9[5] = -1.960879E+03
x9[6] = -1.292620E+04
x9[7] = 1.013191E+04
x9[8] = -3.884555E+03
x9[9] = 2.543464E+02
x9[10] = -3.848750E+03
x9[11] = 6.402088E+03
x9[12] = -1.118543E+04
x9[13] = -6.696456E+03
x9[14] = 8.096884E+03
x9[15] = 4.440595E+03
x9[16] = 1.386222E+04
x9[17] = -3.884726E+03
x9[18] = -9.837034E+02
x9[19] = -2.699198E+03
x9[20] = -1.098184E+04
x9[21] = -3.381656E+03
x9[22] = -2.373125E+03
x9[23] = 9.186361E+03
x9[24] = 2.763550E+03
x9[25] = -2.790303E+03
x9[26] = 3.445983E+03
x9[27] = 3.489400E+03
x9[28] = 8.087754E+03
x9[29] = -6.769407E+03
x9[30] = -3.367634E+03
x9[31] = -1.022654E+04
x9[32] = 7.187892E+03
x9[33] = -7.574654E+03
x9[34] = 2.911239E+03
x9[35] = 5.188362E+03
x9[36] = -2.012149E+04
x9[37] = -2.615506E+03
x9[38] = 1.880064E+03
x9[39] = 2.542910E+03
x9[40] = -2.337389E+03
x9[41] = -8.772656E+03
x9[42] = 9.749959E+03
x9[43] = 5.099387E+03
x9[44] = 4.579667E+03
x9[45] = -9.724111E+03
x9[46] = 8.087158E+03
x9[47] = -6.307409E+03
x9[48] = -7.227840E+03
x9[49] = -4.714728E+03
x9[50] = 4.884261E+03
x9[51] = -6.023232E+03
x9[52] = 4.433638E+03
x9[53] = 3.731069E+03
x9[54] = -5.341254E+03
x9[55] = 1.426048E+04
x9[56] = -3.229204E+03
x9[57] = -8.832612E+02
x9[58] = 8.680673E+03
x9[59] = 5.197030E+03
x9[60] = -7.105071E+03
x9[61] = 1.353459E+04
x9[62] = -2.805052E+03
x9[63] = 3.334436E+02
x9[64] = 3.836682E+03
x9[65] = 1.263591E+03
x9[66] = 3.279009E+03
x9[67] = 9.707202E+02
x9[68] = -1.853962E+03
x9[69] = 1.713152E+03
x9[70] = 3.123698E+02
x9[71] = 2.419750E+03
x9[72] = -5.670691E+03
x9[73] = 4.479426E+03
x9[74] = -3.135314E+03
x9[75] = 1.459660E+04
x9[76] = -2.477235E+03
x9[77] = 2.849983E+03

x10[0] = -1.616290E+03
x10[1] = -1.115036E+03
x10[2] = 4.963947E+03
x10[3] = 3.970372E+03
x10[4] = 6.209420E+03
x10[5] = 1.407948E+04
x10[6] = -5.539310E+03
x10[7] = -1.295288E+04
x10[8] = -8.047096E+03
x10[9] = -5.610284E+03
x10[10] = 1.334467E+04
x10[11] = -5.657084E+03
x10[12] = 3.079063E+02
x10[13] = -3.784247E+03
x10[14] = -6.203705E+03
x10[15] = 6.697757E+02
x10[16] = -1.199061E+04
x10[17] = 3.420092E+03
x10[18] = 4.101591E+03
x10[19] = -1.431304E+04
x10[20] = -9.505985E+03
x10[21] = 6.523970E+03
x10[22] = -9.565014E+03
x10[23] = 4.327493E+03
x10[24] = -4.653737E+03
x10[25] = -8.837393E+03
x10[26] = 1.003611E+04
x10[27] = -8.290346E+03
x10[28] = -7.792418E+02
x10[29] = -7.216213E+03
x10[30] = -2.241983E+03
x10[31] = -9.564911E+03
x10[32] = -1.825601E+03
x10[33] = -2.268226E+03
x10[34] = -5.532264E+03
x10[35] = -1.176603E+03
x10[36] = 2.700471E+03
x10[37] = -2.475460E+03
x10[38] = 1.363876E+04
x10[39] = 1.022562E+04
x10[40] = 5.219026E+03
x10[41] = 4.379472E+03
x10[42] = -7.919969E+03
x10[43] = -1.132879E+04
x10[44] = 1.914097E+04
x10[45] = -3.789979E+01
x10[46] = -7.103489E+03
x10[47] = 1.274820E+04
x10[48] = -1.434798E+04
x10[49] = -2.217307E+03
x10[50] = 5.384535E+03
x10[51] = 4.347927E+03
x10[52] = 9.467233E+03
x10[53] = 4.863627E+03
x10[54] = -8.789954E+03
x10[55] = -2.169233E+03
x10[56] = 2.583333E+04
x10[57] = -9.894092E+03
x10[58] = 1.154602E+04
x10[59] = -8.849353E+03
x10[60] = 2.783962E+03
x10[61] = 1.265506E+03
x10[62] = -4.103915E+03
x10[63] = 5.518995E+03
x10[64] = -1.090207E+03
x10[65] = -5.378778E+03
x10[66] = 1.702648E+04
x10[67] = 4.025807E+03
x10[68] = 1.172321E+03
x10[69] = -2.076488E+03
x10[70] = -9.894057E+03
x10[71] = -1.004014E+04
x10[72] = -8.681319E+02
x10[73] = 7.504165E+03
x10[74] = 8.439954E+03
x10[75] = 1.411438E+04
x10[76] = 1.233386E+04
x10[77] = 7.498877E+03

x11[0] = -2.743553E+03
x11[1] = -3.113710E+03
x11[2] = 1.504185E+04
x11[3] = 1.135301E+04
x11[4] = 3.851827E+03
x11[5] = 1.030882E+04
x11[6] = -4.144480E+03
x11[7] = 1.968337E+03
x11[8] = 7.751011E+03
x11[9] = -7.608380E+03
x11[10] = 3.047481E+03
x11[11] = -2.986740E+03
x11[12] = 2.409004E+03
x11[13] = 2.293510E+02
x11[14] = -1.014035E+04
x11[15] = 1.988744E+03
x11[16] = -8.068605E+03
x11[17] = 4.402556E+03
x11[18] = 6.397842E+03
x11[19] = -1.050344E+04
x11[20] = 2.003647E+04
x11[21] = 1.660328E+04
x11[22] = -4.298404E+03
x11[23] = 5.200934E+03
x11[24] = 3.139554E+03
x11[25] = -4.051825E+03
x11[26] = -4.884743E+03
x11[27] = -8.941281E+03
x11[28] = 2.201241E+04
x11[29] = -1.780489E+02
x11[30] = -1.466477E+04
x11[31] = -5.264752E+03
x11[32] = 1.121963E+04
x11[33] = -1.205651E+04
x11[34] = -8.975951E+03
x11[35] = 1.331086E+04
x11[36] = -3.272654E+03
x11[37] = 7.300984E+03
x11[38] = 8.475021E+03
x11[39] = 7.748105E+03
x11[40] = -2.126477E+03
x11[41] = 3.511293E+03
x11[42] = -1.323269E+04
x11[43] = -5.212946E+03
x11[44] = -3.803511E+03
x11[45] = -3.588399E+03
x11[46] = 7.370560E+02
x11[47] = 2.207319E+04
x11[48] = -7.770813E+02
x11[49] = 2.427080E+03
x11[50] = -6.491129E+03
x11[51] = -7.300104E+03
x11[52] = 7.301607E+03
x11[53] = -2.637918E+04
x11[54] = -4.948419E+03
x11[55] = 3.421707E+02
x11[56] = -4.144738E+03
x11[57] = 1.078013E+04
x11[58] = -1.157087E+04
x11[59] = -9.245828E+03
x11[60] = -5.437631E+03
x11[61] = 3.150526E+03
x11[62] = 2.011750E+04
x11[63] = 7.366736E+03
x11[64] = -6.995509E+03
x11[65] = -1.328221E+03
x11[66] = -1.328363E+04
x11[67] = 2.556928E+03
x11[68] = -1.031755E+04
x11[69] = 8.138141E+03
x11[70] = 5.686641E+03
x11[71] = -9.505083E+03
x11[72] = -1.938781E+04
x11[73] = 5.330488E+02
x11[74] = 5.788596E+03
x11[75] = -6.281838E+02
x11[76] = 1.582839E+04
x11[77] = 4.051472E+03

x12[0] = -1.210267E+04
x12[1] = 8.055027E+03
x12[2] = -6.422035E+03
x12[3] = -1.168745E+04
x12[4] = -6.692143E+03
x12[5] = 1.446832E+02
x12[6] = 4.727405E+03
x12[7] = 9.757141E+03
x12[8] = -4.630413E+03
x12[9] = -3.947703E+03
x12[10] = -4.382877E+03
x12[11] = -2.928976E+03
x12[12] = 1.362374E+04
x12[13] = -5.082931E+03
x12[14] = -8.818037E+03
x12[15] = -1.431901E+04
x12[16] = 5.781310E+03
x12[17] = 1.792016E+03
x12[18] = 3.618320E+03
x12[19] = -1.339782E+04
x12[20] = -1.133442E+03
x12[21] = 5.814303E+03
x12[22] = 3.276336E+03
x12[23] = 4.211492E+02
x12[24] = -6.405453E+03
x12[25] = 1.338469E+04
x12[26] = 5.033888E+03
x12[27] = 4.329340E+03
x12[28] = -3.548078E+04
x12[29] = 1.601247E+04
x12[30] = -1.285656E+04
x12[31] = 2.149709E+03
x12[32] = 8.172805E+03
x12[33] = -5.164528E+03
x12[34] = -9.792550E+03
x12[35] = -1.336008E+04
x12[36] = -6.618177E+03
x12[37] = 1.121502E+04
x12[38] = 1.984825E+04
x12[39] = -1.573060E+03
x12[40] = 8.495117E+03
x12[41] = 2.005977E+03
x12[42] = -1.225164E+04
x12[43] = -6.858121E+03
x12[44] = 1.400415E+03
x12[45] = -1.231900E+04
x12[46] = -4.899552E+03
x12[47] = -7.143143E+03
x12[48] = 2.621674E+03
x12[49] = 1.567415E+04
x12[50] = 3.174414E+04
x12[51] = -4.802235E+03
x12[52] = 9.094780E+03
x12[53] = 1.397494E+04
x12[54] = 1.590312E+04
x12[55] = 1.254411E+04
x12[56] = -1.093500E+04
x12[57] = -1.204938E+04
x12[58] = 4.484210E+03
x12[59] = -2.151243E+03
x12[60] = 2.222010E+04
x12[61] = 5.439915E+02
x12[62] = -5.129484E+03
x12[63] = -5.017029E+03
x12[64] = 7.284313E+03
x12[65] = -1.007907E+04
x12[66] = -4.085294E+03
x12[67] = -2.537463E+03
x12[68] = 2.504843E+03
x12[69] = -1.754962E+03
x12[70] = -7.896535E+03
x12[71] = 6.167974E+03
x12[72] = -5.337328E+03
x12[73] = 4.897794E+03
x12[74] = -6.271634E+03
x12[75] = 6.973668E+03
x12[76] = -1.350279E+04
x12[77] = 2.306611E+04

x13[0] = 2.262627E+03
x13[1] = 1.634680E+04
x13[2] = -3.767245E+03
x13[3] = -4.867021E+03
x13[4] = 1.002676E+04
x13[5] = -6.908011E+03
x13[6] = -8.572486E+03
x13[7] = -3.699959E+03
x13[8] = -5.258761E+02
x13[9] = 6.647183E+03
x13[10] = 6.643415E+03
x13[11] = -2.154481E+04
x13[12] = -2.323601E+03
x13[13] = -1.482550E+04
x13[14] = 6.977084E+03
x13[15] = 8.199563E+03
x13[16] = 2.131944E+03
x13[17] = -7.986895E+03
x13[18] = 5.414495E+03
x13[19] = -3.375000E+03
x13[20] = 4.179580E+03
x13[21] = -8.603031E+03
x13[22] = 1.107917E+03
x13[23] = -1.417455E+03
x13[24] = -9.584132E+03
x13[25] = 5.582672E+02
x13[26] = -1.351421E+04
x13[27] = -1.052077E+04
x13[28] = 8.301106E+03
x13[29] = 7.972024E+03
x13[30] = 2.148231E+03
x13[31] = -6.892834E+03
x13[32] = -4.730562E+03
x13[33] = -6.940982E+02
x13[34] = -7.649292E+02
x13[35] = -9.858176E+03
x13[36] = 1.050808E+04
x13[37] = 5.440924E+03
x13[38] = 4.025621E+03
x13[39] = -4.246217E+03
x13[40] = 1.176725E+04
x13[41] = -9.980799E+03
x13[42] = 2.268630E+02
x13[43] = 2.475230E+03
x13[44] = 1.032933E+03
x13[45] = 8.486034E+03
x13[46] = -3.146361E+03
x13[47] = 2.145935E+03
x13[48] = -2.981584E+03
x13[49] = 5.690545E+03
x13[50] = 1.658798E+04
x13[51] = 6.965515E+03
x13[52] = -4.580100E+03
x13[53] = 4.213266E+03
x13[54] = -1.195000E+04
x13[55] = -7.358095E+03
x13[56] = -3.376735E+03
x13[57] = -1.117971E+04
x13[58] = -5.195049E+03
x13[59] = 1.381595E+04
x13[60] = 1.705947E+04
x13[61] = 1.001297E+04
x13[62] = -4.151988E+03
x13[63] = 8.577891E+03
x13[64] = -2.422106E+01
x13[65] = -1.369228E+04
x13[66] = 1.067515E+04
x13[67] = -1.199044E+03
x13[68] = -1.403793E+04
x13[69] = -1.142392E+03
x13[70] = 1.610861E+04
x13[71] = 9.982702E+03
x13[72] = 7.910422E+03
x13[73] = -3.405214E+03
x13[74] = -6.315200E+03
x13[75] = -4.924903E+03
x13[76] = -3.861512E+03
x13[77] = -1.409927E+04

x14[0] = 5.428778E+02
x14[1] = -4.275876E+03
x14[2] = 1.488561E+04
x14[3] = 3.946103E+03
x14[4] = -1.488758E+03
x14[5] = 1.366139E+04
x14[6] = -1.434514E+04
x14[7] = -8.799005E+03
x14[8] = -7.126049E+02
x14[9] = 8.701227E+03
x14[10] = -9.198018E+02
x14[11] = 9.487686E+03
x14[12] = 9.079389E+03
x14[13] = 3.513975E+02
x14[14] = -9.912952E+03
x14[15] = -1.240126E+04
x14[16] = -5.389132E+03
x14[17] = 3.855687E+03
x14[18] = -1.298287E+04
x14[19] = 1.916506E+03
x14[20] = 6.558369E+03
x14[21] = 1.726368E+03
x14[22] = 1.034639E+04
x14[23] = 1.110377E+04
x14[24] = -9.879387E+03
x14[25] = 1.416436E+04
x14[26] = 2.967048E+03
x14[27] = -8.076355E+03
x14[28] = -2.271132E+03
x14[29] = -1.604591E+04
x14[30] = -2.117245E+03
x14[31] = -2.720262E+03
x14[32] = 9.990192E+03
x14[33] = -1.300683E+03
x14[34] = 4.639248E+03
x14[35] = -8.725004E+03
x14[36] = -7.150537E+02
x14[37] = 1.034750E+04
x14[38] = 1.327295E+04
x14[39] = -2.410430E+03
x14[40] = -1.457418E+03
x14[41] = -2.519792E+03
x14[42] = -1.349305E+04
x14[43] = 4.408900E+03
x14[44] = -9.903335E+02
x14[45] = -9.943686E+03
x14[46] = 6.015139E+03
x14[47] = -8.417745E+03
x14[48] = 9.152880E+02
x14[49] = 1.164875E+03
x14[50] = -9.416344E+02
x14[51] = 3.053886E+03
x14[52] = 1.238700E+03
x14[53] = -1.338300E+04
x14[54] = 4.514640E+02
x14[55] = 1.534750E+04
x14[56] = 1.131190E+04
x14[57] = 1.202623E+04
x14[58] = -1.136693E+04
x14[59] = -1.088761E+04
x14[60] = -8.690975E+03
x14[61] = 2.503747E+03
x14[62] = 1.083272E+04
x14[63] = 6.331978E+03
x14[64] = 8.748966E+03
x14[65] = 2.589971E+03
x14[66] = -1.413849E+04
x14[67] = -4.182334E+03
x14[68] = -5.343878E+03
x14[69] = -2.000928E+04
x14[70] = -3.355011E+03
x14[71] = 6.040932E+03
x14[72] = -5.472770E+03
x14[73] = 3.600267E+03
x14[74] = 5.569642E+03
x14[75] = 5.739651E+03
x14[76] = 2.271790E+03
x14[77] = 2.363006E+02

x15[0] = -2.639209E+03
x15[1] = -3.763006E+03
x15[2] = -8.579648E+03
x15[3] = 2.153913E+03
x15[4] = -5.243657E+03
x15[5] = -2.031153E+03
x15[6] = -1.371830E+04
x15[7] = -4.842726E+03
x15[8] = 2.595795E+03
x15[9] = 4.829981E+03
x15[10] = 8.239462E+03
x15[11] = 1.771802E+04
x15[12] = 1.082516E+03
x15[13] = -8.355239E+03
x15[14] = -5.115070E+03
x15[15] = 4.238806E+03
x15[16] = 5.019472E+03
x15[17] = -2.914462E+03
x15[18] = 3.558532E+03
x15[19] = -5.033677E+03
x15[20] = 4.570034E+03
x15[21] = 4.211944E+03
x15[22] = -6.869304E+03
x15[23] = 8.638519E+03
x15[24] = 1.631547E+03
x15[25] = 5.585152E+03
x15[26] = -1.624594E+03
x15[27] = -3.189291E+03
x15[28] = -2.317597E+03
x15[29] = -1.170295E+04
x15[30] = 4.933746E+03
x15[31] = -6.554320E+03
x15[32] = -1.158679E+04
x15[33] = -1.079481E+04
x15[34] = -2.326487E+03
x15[35] = -1.131894E+04
x15[36] = 2.382500E+03
x15[37] = -2.955173E+03
x15[38] = -5.263700E+03
x15[39] = 9.223811E+03
x15[40] = 6.948881E+03
x15[41] = -5.126485E+03
x15[42] = -1.786246E+03
x15[43] = 6.237881E+03
x15[44] = -5.386705E+03
x15[45] = -2.812995E+03
x15[46] = 3.647841E+03
x15[47] = 1.814993E+03
x15[48] = 8.280288E+03
x15[49] = -9.373305E+03
x15[50] = -9.192468E+03
x15[51] = 1.183040E+03
x15[52] = 5.181252E+03
x15[53] = 1.335904E+04
x15[54] = 1.952497E+04
x15[55] = 8.598746E+03
x15[56] = -9.785639E+03
x15[57] = -1.246502E+03
x15[58] = 7.367547E+02
x15[59] = 9.710944E+03
x15[60] = 7.764202E+03
x15[61] = 6.773403E+03
x15[62] = -1.006095E+04
x15[63] = 1.177267E+04
x15[64] = -8.111143E+03
x15[65] = 1.103061E+04
x15[66] = -1.059342E+04
x15[67] = -1.288077E+03
x15[68] = -2.475158E+03
x15[69] = 6.875676E+03
x15[70] = -8.026164E+03
x15[71] = 8.441868E+03
x15[72] = -8.579500E+03
x15[73] = 1.597042E+04
x15[74] = -5.126787E+03
x15[75] = 1.777741E+03
x15[76] = -5.046109E+03
x15[77] = 3.176104E+03

x16[0] = -5.478985E+03
x16[1] = 3.816172E+03
x16[2] = -1.558481E+04
x16[3] = 6.723896E+03
x16[4] = -1.449776E+04
x16[5] = 9.321553E+03
x16[6] = -4.422177E+03
x16[7] = 1.483968E+04
x16[8] = 1.444682E+03
x16[9] = -4.889854E+03
x16[10] = 7.085163E+02
x16[11] = -3.397540E+03
x16[12] = 4.687412E+03
x16[13] = 3.703522E+03
x16[14] = 2.644131E+03
x16[15] = -3.813993E+03
x16[16] = -2.834188E+02
x16[17] = 3.032054E+02
x16[18] = -8.805415E+03
x16[19] = -9.258105E+03
x16[20] = -1.756062E+04
x16[21] = -2.600876E+03
x16[22] = -2.380925E+03
x16[23] = 1.255447E+04
x16[24] = -1.223940E+03
x16[25] = 1.209400E+04
x16[26] = -3.268534E+03
x16[27] = -1.454334E+03
x16[28] = -7.825645E+03
x16[29] = 1.523063E+04
x16[30] = -3.102010E+02
x16[31] = 2.647827E+03
x16[32] = -5.364562E+03
x16[33] = 1.933118E+04
x16[34] = 1.409547E+04
x16[35] = 1.242052E+04
x16[36] = 9.575283E+03
x16[37] = -9.459403E+03
x16[38] = -6.811784E+03
x16[39] = 1.746573E+04
x16[40] = -4.580386E+03
x16[41] = -5.334905E+03
x16[42] = 7.644517E+02
x16[43] = -4.418848E+03
x16[44] = 4.832136E+03
x16[45] = 4.643302E+03
x16[46] = -7.833955E+03
x16[47] = 2.046887E+03
x16[48] = 6.797082E+03
x16[49] = -7.470868E+01
x16[50] = 5.596309E+02
x16[51] = 9.597632E+03
x16[52] = 4.026597E+03
x16[53] = -1.669223E+04
x16[54] = -2.015993E+03
x16[55] = 1.457086E+04
x16[56] = -4.313516E+02
x16[57] = 9.077684E+03
x16[58] = -1.297148E+04
x16[59] = 2.745628E+03
x16[60] = -1.235762E+04
x16[61] = -1.413107E+04
x16[62] = 4.871322E+03
x16[63] = -1.115690E+04
x16[64] = -8.733536E+03
x16[65] = 4.931750E+03
x16[66] = -6.058507E+03
x16[67] = 5.380718E+03
x16[68] = 1.275389E+03
x16[69] = 5.155135E+01
x16[70] = -2.608136E+03
x16[71] = -9.397043E+03
x16[72] = -3.487664E+03
x16[73] = 6.298015E+02
x16[74] = -3.193625E+03
x16[75] = 3.971360E+03
x16[76] = 1.516640E+04
x16[77] = -1.770050E+03

